<?xml version="1.0" encoding="UTF-8"?>
<testng-results ignored="0" total="1" passed="1" failed="0" skipped="0">
  <reporter-output>
  </reporter-output>
  <suite started-at="2025-04-26T10:07:15 IST" name="Default suite" finished-at="2025-04-26T10:07:31 IST" duration-ms="15380">
    <groups>
      <group name="login">
        <method signature="LoginTest.testLogin()[pri:0, instance:com.orangehrm.tests.LoginTest@68c9d179]" name="testLogin" class="com.orangehrm.tests.LoginTest"/>
      </group> <!-- login -->
    </groups>
    <test started-at="2025-04-26T10:07:15 IST" name="Default test" finished-at="2025-04-26T10:07:31 IST" duration-ms="15380">
      <class name="com.orangehrm.tests.LoginTest">
        <test-method is-config="true" signature="setUpDriver()[pri:0, instance:com.orangehrm.tests.LoginTest@68c9d179]" started-at="2025-04-26T10:07:15 IST" name="setUpDriver" finished-at="2025-04-26T10:07:25 IST" duration-ms="9956" status="PASS">
          <reporter-output>
          </reporter-output>
        </test-method> <!-- setUpDriver -->
        <test-method signature="testLogin()[pri:0, instance:com.orangehrm.tests.LoginTest@68c9d179]" started-at="2025-04-26T10:07:25 IST" name="testLogin" finished-at="2025-04-26T10:07:31 IST" duration-ms="5195" status="PASS">
          <reporter-output>
          </reporter-output>
        </test-method> <!-- testLogin -->
      </class> <!-- com.orangehrm.tests.LoginTest -->
    </test> <!-- Default test -->
  </suite> <!-- Default suite -->
</testng-results>
